<?xml version="1.0" encoding="UTF-8"?>
<coverage generated="1718916768480" clover="3.2.0">
  <project timestamp="1718916768480" name="All files">
    <metrics statements="217" coveredstatements="130" conditionals="72" coveredconditionals="19" methods="83" coveredmethods="30" elements="372" coveredelements="179" complexity="0" loc="217" ncloc="217" packages="3" files="11" classes="11"/>
    <package name="components.shared">
      <metrics statements="20" coveredstatements="17" conditionals="15" coveredconditionals="8" methods="9" coveredmethods="7"/>
      <file name="Button.jsx" path="/home/santiagomadaw/advanced-react/src/components/shared/Button.jsx">
        <metrics statements="2" coveredstatements="2" conditionals="2" coveredconditionals="1" methods="1" coveredmethods="1"/>
        <line num="3" count="1" type="stmt"/>
        <line num="14" count="1" type="cond" truecount="1" falsecount="1"/>
      </file>
      <file name="ErrorMessage.jsx" path="/home/santiagomadaw/advanced-react/src/components/shared/ErrorMessage.jsx">
        <metrics statements="1" coveredstatements="1" conditionals="0" coveredconditionals="0" methods="0" coveredmethods="0"/>
        <line num="3" count="1" type="stmt"/>
      </file>
      <file name="Form.jsx" path="/home/santiagomadaw/advanced-react/src/components/shared/Form.jsx">
        <metrics statements="4" coveredstatements="4" conditionals="6" coveredconditionals="4" methods="3" coveredmethods="3"/>
        <line num="3" count="1" type="stmt"/>
        <line num="8" count="1" type="cond" truecount="2" falsecount="0"/>
        <line num="9" count="1" type="cond" truecount="1" falsecount="1"/>
        <line num="15" count="1" type="cond" truecount="1" falsecount="1"/>
      </file>
      <file name="FormField.jsx" path="/home/santiagomadaw/advanced-react/src/components/shared/FormField.jsx">
        <metrics statements="3" coveredstatements="3" conditionals="4" coveredconditionals="2" methods="2" coveredmethods="2"/>
        <line num="3" count="1" type="stmt"/>
        <line num="9" count="2" type="cond" truecount="1" falsecount="1"/>
        <line num="10" count="2" type="cond" truecount="1" falsecount="1"/>
      </file>
      <file name="Loading.jsx" path="/home/santiagomadaw/advanced-react/src/components/shared/Loading.jsx">
        <metrics statements="2" coveredstatements="1" conditionals="0" coveredconditionals="0" methods="1" coveredmethods="0"/>
        <line num="4" count="0" type="stmt"/>
        <line num="19" count="1" type="stmt"/>
      </file>
      <file name="Switch.jsx" path="/home/santiagomadaw/advanced-react/src/components/shared/Switch.jsx">
        <metrics statements="8" coveredstatements="6" conditionals="3" coveredconditionals="1" methods="2" coveredmethods="1"/>
        <line num="4" count="1" type="stmt"/>
        <line num="81" count="1" type="cond" truecount="1" falsecount="2"/>
        <line num="82" count="1" type="stmt"/>
        <line num="84" count="1" type="stmt"/>
        <line num="85" count="0" type="stmt"/>
        <line num="86" count="0" type="stmt"/>
        <line num="89" count="1" type="stmt"/>
        <line num="107" count="1" type="stmt"/>
      </file>
    </package>
    <package name="pages.login">
      <metrics statements="20" coveredstatements="12" conditionals="7" coveredconditionals="3" methods="7" coveredmethods="1"/>
      <file name="LoginPage.jsx" path="/home/santiagomadaw/advanced-react/src/pages/login/LoginPage.jsx">
        <metrics statements="20" coveredstatements="12" conditionals="7" coveredconditionals="3" methods="7" coveredmethods="1"/>
        <line num="17" count="1" type="stmt"/>
        <line num="18" count="1" type="stmt"/>
        <line num="19" count="1" type="stmt"/>
        <line num="20" count="1" type="stmt"/>
        <line num="21" count="1" type="stmt"/>
        <line num="27" count="1" type="stmt"/>
        <line num="28" count="0" type="stmt"/>
        <line num="29" count="0" type="stmt"/>
        <line num="30" count="0" type="stmt"/>
        <line num="35" count="1" type="stmt"/>
        <line num="36" count="0" type="stmt"/>
        <line num="37" count="0" type="stmt"/>
        <line num="38" count="0" type="stmt"/>
        <line num="44" count="1" type="stmt"/>
        <line num="45" count="0" type="stmt"/>
        <line num="46" count="0" type="stmt"/>
        <line num="51" count="1" type="stmt"/>
        <line num="52" count="1" type="cond" truecount="1" falsecount="1"/>
        <line num="53" count="1" type="stmt"/>
        <line num="102" count="1" type="stmt"/>
      </file>
    </package>
    <package name="store">
      <metrics statements="177" coveredstatements="101" conditionals="50" coveredconditionals="8" methods="67" coveredmethods="22"/>
      <file name="actions.js" path="/home/santiagomadaw/advanced-react/src/store/actions.js">
        <metrics statements="105" coveredstatements="49" conditionals="18" coveredconditionals="1" methods="48" coveredmethods="15"/>
        <line num="36" count="3" type="stmt"/>
        <line num="37" count="2" type="stmt"/>
        <line num="38" count="2" type="stmt"/>
        <line num="39" count="2" type="stmt"/>
        <line num="40" count="1" type="stmt"/>
        <line num="41" count="1" type="cond" truecount="1" falsecount="1"/>
        <line num="42" count="1" type="stmt"/>
        <line num="45" count="1" type="stmt"/>
        <line num="50" count="5" type="stmt"/>
        <line num="53" count="3" type="stmt"/>
        <line num="56" count="3" type="stmt"/>
        <line num="65" count="4" type="stmt"/>
        <line num="68" count="3" type="stmt"/>
        <line num="71" count="3" type="stmt"/>
        <line num="76" count="3" type="stmt"/>
        <line num="77" count="2" type="stmt"/>
        <line num="78" count="2" type="stmt"/>
        <line num="79" count="2" type="stmt"/>
        <line num="80" count="1" type="stmt"/>
        <line num="83" count="1" type="stmt"/>
        <line num="90" count="3" type="stmt"/>
        <line num="91" count="0" type="stmt"/>
        <line num="92" count="0" type="cond" truecount="0" falsecount="2"/>
        <line num="94" count="0" type="stmt"/>
        <line num="95" count="0" type="stmt"/>
        <line num="96" count="0" type="stmt"/>
        <line num="97" count="0" type="stmt"/>
        <line num="98" count="0" type="stmt"/>
        <line num="100" count="0" type="cond" truecount="0" falsecount="2"/>
        <line num="101" count="0" type="stmt"/>
        <line num="105" count="0" type="stmt"/>
        <line num="107" count="3" type="stmt"/>
        <line num="111" count="3" type="stmt"/>
        <line num="116" count="3" type="stmt"/>
        <line num="123" count="3" type="stmt"/>
        <line num="124" count="0" type="stmt"/>
        <line num="125" count="0" type="cond" truecount="0" falsecount="2"/>
        <line num="126" count="0" type="stmt"/>
        <line num="127" count="0" type="stmt"/>
        <line num="128" count="0" type="stmt"/>
        <line num="129" count="0" type="stmt"/>
        <line num="131" count="0" type="stmt"/>
        <line num="136" count="3" type="stmt"/>
        <line num="140" count="3" type="stmt"/>
        <line num="145" count="3" type="stmt"/>
        <line num="152" count="3" type="stmt"/>
        <line num="154" count="0" type="stmt"/>
        <line num="155" count="0" type="stmt"/>
        <line num="157" count="0" type="stmt"/>
        <line num="158" count="0" type="stmt"/>
        <line num="159" count="0" type="stmt"/>
        <line num="161" count="0" type="stmt"/>
        <line num="162" count="0" type="stmt"/>
        <line num="164" count="0" type="stmt"/>
        <line num="165" count="0" type="stmt"/>
        <line num="167" count="0" type="stmt"/>
        <line num="168" count="0" type="stmt"/>
        <line num="173" count="0" type="cond" truecount="0" falsecount="2"/>
        <line num="174" count="0" type="stmt"/>
        <line num="181" count="3" type="stmt"/>
        <line num="185" count="3" type="stmt"/>
        <line num="190" count="3" type="stmt"/>
        <line num="198" count="3" type="stmt"/>
        <line num="200" count="0" type="stmt"/>
        <line num="202" count="0" type="stmt"/>
        <line num="203" count="0" type="cond" truecount="0" falsecount="2"/>
        <line num="204" count="0" type="stmt"/>
        <line num="205" count="0" type="stmt"/>
        <line num="206" count="0" type="stmt"/>
        <line num="207" count="0" type="stmt"/>
        <line num="208" count="0" type="stmt"/>
        <line num="211" count="0" type="stmt"/>
        <line num="212" count="0" type="stmt"/>
        <line num="213" count="0" type="stmt"/>
        <line num="218" count="0" type="cond" truecount="0" falsecount="2"/>
        <line num="219" count="0" type="stmt"/>
        <line num="227" count="3" type="stmt"/>
        <line num="231" count="3" type="stmt"/>
        <line num="236" count="3" type="stmt"/>
        <line num="245" count="3" type="stmt"/>
        <line num="249" count="3" type="stmt"/>
        <line num="253" count="3" type="stmt"/>
        <line num="257" count="3" type="stmt"/>
        <line num="264" count="3" type="stmt"/>
        <line num="269" count="3" type="stmt"/>
        <line num="270" count="0" type="stmt"/>
        <line num="271" count="0" type="stmt"/>
        <line num="272" count="0" type="stmt"/>
        <line num="273" count="0" type="stmt"/>
        <line num="274" count="0" type="stmt"/>
        <line num="277" count="3" type="stmt"/>
        <line num="283" count="3" type="stmt"/>
        <line num="284" count="0" type="stmt"/>
        <line num="285" count="0" type="cond" truecount="0" falsecount="2"/>
        <line num="287" count="0" type="stmt"/>
        <line num="288" count="0" type="stmt"/>
        <line num="289" count="0" type="stmt"/>
        <line num="290" count="0" type="stmt"/>
        <line num="294" count="0" type="cond" truecount="0" falsecount="2"/>
        <line num="295" count="0" type="stmt"/>
        <line num="302" count="3" type="stmt"/>
        <line num="305" count="3" type="stmt"/>
        <line num="309" count="3" type="stmt"/>
        <line num="317" count="3" type="stmt"/>
        <line num="320" count="3" type="stmt"/>
      </file>
      <file name="reducers.js" path="/home/santiagomadaw/advanced-react/src/store/reducers.js">
        <metrics statements="33" coveredstatements="13" conditionals="32" coveredconditionals="7" methods="7" coveredmethods="5"/>
        <line num="19" count="1" type="stmt"/>
        <line num="44" count="3" type="cond" truecount="3" falsecount="0"/>
        <line num="46" count="1" type="stmt"/>
        <line num="48" count="1" type="stmt"/>
        <line num="50" count="1" type="stmt"/>
        <line num="56" count="1" type="cond" truecount="1" falsecount="4"/>
        <line num="58" count="0" type="stmt"/>
        <line num="60" count="0" type="stmt"/>
        <line num="62" count="0" type="stmt"/>
        <line num="64" count="0" type="stmt"/>
        <line num="66" count="1" type="stmt"/>
        <line num="77" count="1" type="cond" truecount="1" falsecount="5"/>
        <line num="80" count="0" type="stmt"/>
        <line num="82" count="0" type="stmt"/>
        <line num="84" count="0" type="stmt"/>
        <line num="86" count="0" type="stmt"/>
        <line num="88" count="0" type="stmt"/>
        <line num="96" count="1" type="stmt"/>
        <line num="102" count="0" type="cond" truecount="0" falsecount="2"/>
        <line num="104" count="0" type="stmt"/>
        <line num="106" count="0" type="stmt"/>
        <line num="112" count="1" type="cond" truecount="1" falsecount="1"/>
        <line num="114" count="1" type="stmt"/>
        <line num="116" count="0" type="stmt"/>
        <line num="126" count="1" type="cond" truecount="1" falsecount="1"/>
        <line num="127" count="1" type="stmt"/>
        <line num="129" count="0" type="cond" truecount="0" falsecount="2"/>
        <line num="130" count="0" type="stmt"/>
        <line num="132" count="0" type="cond" truecount="0" falsecount="2"/>
        <line num="133" count="0" type="stmt"/>
        <line num="135" count="0" type="cond" truecount="0" falsecount="2"/>
        <line num="136" count="0" type="stmt"/>
        <line num="138" count="0" type="stmt"/>
      </file>
      <file name="selectors.js" path="/home/santiagomadaw/advanced-react/src/store/selectors.js">
        <metrics statements="10" coveredstatements="10" conditionals="0" coveredconditionals="0" methods="12" coveredmethods="2"/>
        <line num="1" count="3" type="stmt"/>
        <line num="4" count="3" type="stmt"/>
        <line num="6" count="3" type="stmt"/>
        <line num="8" count="3" type="stmt"/>
        <line num="12" count="3" type="stmt"/>
        <line num="14" count="3" type="stmt"/>
        <line num="18" count="3" type="stmt"/>
        <line num="20" count="3" type="stmt"/>
        <line num="23" count="3" type="stmt"/>
        <line num="25" count="3" type="stmt"/>
      </file>
      <file name="types.js" path="/home/santiagomadaw/advanced-react/src/store/types.js">
        <metrics statements="29" coveredstatements="29" conditionals="0" coveredconditionals="0" methods="0" coveredmethods="0"/>
        <line num="1" count="3" type="stmt"/>
        <line num="2" count="3" type="stmt"/>
        <line num="3" count="3" type="stmt"/>
        <line num="5" count="3" type="stmt"/>
        <line num="6" count="3" type="stmt"/>
        <line num="7" count="3" type="stmt"/>
        <line num="10" count="3" type="stmt"/>
        <line num="11" count="3" type="stmt"/>
        <line num="12" count="3" type="stmt"/>
        <line num="14" count="3" type="stmt"/>
        <line num="15" count="3" type="stmt"/>
        <line num="16" count="3" type="stmt"/>
        <line num="18" count="3" type="stmt"/>
        <line num="19" count="3" type="stmt"/>
        <line num="20" count="3" type="stmt"/>
        <line num="22" count="3" type="stmt"/>
        <line num="23" count="3" type="stmt"/>
        <line num="24" count="3" type="stmt"/>
        <line num="26" count="3" type="stmt"/>
        <line num="27" count="3" type="stmt"/>
        <line num="28" count="3" type="stmt"/>
        <line num="29" count="3" type="stmt"/>
        <line num="30" count="3" type="stmt"/>
        <line num="32" count="3" type="stmt"/>
        <line num="34" count="3" type="stmt"/>
        <line num="35" count="3" type="stmt"/>
        <line num="36" count="3" type="stmt"/>
        <line num="38" count="3" type="stmt"/>
        <line num="39" count="3" type="stmt"/>
      </file>
    </package>
  </project>
</coverage>
