{"/home/santiagomadaw/advanced-react/src/components/shared/Button.jsx": {"path":"/home/santiagomadaw/advanced-react/src/components/shared/Button.jsx","statementMap":{"0":{"start":{"line":3,"column":15},"end":{"line":26,"column":1}},"1":{"start":{"line":14,"column":24},"end":{"line":14,"column":59}}},"fnMap":{"0":{"name":"(anonymous_0)","decl":{"start":{"line":14,"column":13},"end":{"line":14,"column":14}},"loc":{"start":{"line":14,"column":24},"end":{"line":14,"column":59}},"line":14}},"branchMap":{"0":{"loc":{"start":{"line":14,"column":24},"end":{"line":14,"column":59}},"type":"binary-expr","locations":[{"start":{"line":14,"column":24},"end":{"line":14,"column":42}},{"start":{"line":14,"column":46},"end":{"line":14,"column":59}}],"line":14}},"s":{"0":1,"1":1},"f":{"0":1},"b":{"0":[1,0]},"_coverageSchema":"1a1c01bbd47fc00a2c39e90264f33305004495a9","hash":"6bbf3e92b208e62aab77b64d470b8ecba310a296"}
,"/home/santiagomadaw/advanced-react/src/components/shared/ErrorMessage.jsx": {"path":"/home/santiagomadaw/advanced-react/src/components/shared/ErrorMessage.jsx","statementMap":{"0":{"start":{"line":3,"column":21},"end":{"line":15,"column":1}}},"fnMap":{},"branchMap":{},"s":{"0":1},"f":{},"b":{},"_coverageSchema":"1a1c01bbd47fc00a2c39e90264f33305004495a9","hash":"0dd2c0d44eac7a53c010eb961d813e70e09e6cfb"}
,"/home/santiagomadaw/advanced-react/src/components/shared/Form.jsx": {"path":"/home/santiagomadaw/advanced-react/src/components/shared/Form.jsx","statementMap":{"0":{"start":{"line":3,"column":13},"end":{"line":26,"column":1}},"1":{"start":{"line":8,"column":25},"end":{"line":8,"column":61}},"2":{"start":{"line":9,"column":24},"end":{"line":9,"column":51}},"3":{"start":{"line":15,"column":8},"end":{"line":25,"column":16}}},"fnMap":{"0":{"name":"(anonymous_0)","decl":{"start":{"line":8,"column":14},"end":{"line":8,"column":15}},"loc":{"start":{"line":8,"column":25},"end":{"line":8,"column":61}},"line":8},"1":{"name":"(anonymous_1)","decl":{"start":{"line":9,"column":13},"end":{"line":9,"column":14}},"loc":{"start":{"line":9,"column":24},"end":{"line":9,"column":51}},"line":9},"2":{"name":"(anonymous_2)","decl":{"start":{"line":14,"column":6},"end":{"line":14,"column":7}},"loc":{"start":{"line":15,"column":8},"end":{"line":25,"column":16}},"line":15}},"branchMap":{"0":{"loc":{"start":{"line":8,"column":25},"end":{"line":8,"column":61}},"type":"binary-expr","locations":[{"start":{"line":8,"column":25},"end":{"line":8,"column":44}},{"start":{"line":8,"column":48},"end":{"line":8,"column":61}}],"line":8},"1":{"loc":{"start":{"line":9,"column":24},"end":{"line":9,"column":51}},"type":"binary-expr","locations":[{"start":{"line":9,"column":24},"end":{"line":9,"column":42}},{"start":{"line":9,"column":46},"end":{"line":9,"column":51}}],"line":9},"2":{"loc":{"start":{"line":15,"column":8},"end":{"line":25,"column":16}},"type":"cond-expr","locations":[{"start":{"line":16,"column":14},"end":{"line":24,"column":14}},{"start":{"line":25,"column":14},"end":{"line":25,"column":16}}],"line":15}},"s":{"0":1,"1":1,"2":1,"3":1},"f":{"0":1,"1":1,"2":1},"b":{"0":[1,1],"1":[1,0],"2":[1,0]},"_coverageSchema":"1a1c01bbd47fc00a2c39e90264f33305004495a9","hash":"48473c896fbf4da43850d61df99119f693ece7c5"}
,"/home/santiagomadaw/advanced-react/src/components/shared/FormField.jsx": {"path":"/home/santiagomadaw/advanced-react/src/components/shared/FormField.jsx","statementMap":{"0":{"start":{"line":3,"column":18},"end":{"line":11,"column":1}},"1":{"start":{"line":9,"column":25},"end":{"line":9,"column":54}},"2":{"start":{"line":10,"column":24},"end":{"line":10,"column":59}}},"fnMap":{"0":{"name":"(anonymous_0)","decl":{"start":{"line":9,"column":14},"end":{"line":9,"column":15}},"loc":{"start":{"line":9,"column":25},"end":{"line":9,"column":54}},"line":9},"1":{"name":"(anonymous_1)","decl":{"start":{"line":10,"column":13},"end":{"line":10,"column":14}},"loc":{"start":{"line":10,"column":24},"end":{"line":10,"column":59}},"line":10}},"branchMap":{"0":{"loc":{"start":{"line":9,"column":25},"end":{"line":9,"column":54}},"type":"binary-expr","locations":[{"start":{"line":9,"column":25},"end":{"line":9,"column":44}},{"start":{"line":9,"column":48},"end":{"line":9,"column":54}}],"line":9},"1":{"loc":{"start":{"line":10,"column":24},"end":{"line":10,"column":59}},"type":"binary-expr","locations":[{"start":{"line":10,"column":24},"end":{"line":10,"column":42}},{"start":{"line":10,"column":46},"end":{"line":10,"column":59}}],"line":10}},"s":{"0":1,"1":2,"2":2},"f":{"0":2,"1":2},"b":{"0":[2,0],"1":[2,0]},"_coverageSchema":"1a1c01bbd47fc00a2c39e90264f33305004495a9","hash":"d59e8ac1ba43e2f56aa7216efae578dfa28db1a1"}
,"/home/santiagomadaw/advanced-react/src/components/shared/Loading.jsx": {"path":"/home/santiagomadaw/advanced-react/src/components/shared/Loading.jsx","statementMap":{"0":{"start":{"line":4,"column":4},"end":{"line":16,"column":6}},"1":{"start":{"line":19,"column":22},"end":{"line":92,"column":1}}},"fnMap":{"0":{"name":"Loading","decl":{"start":{"line":3,"column":16},"end":{"line":3,"column":23}},"loc":{"start":{"line":3,"column":26},"end":{"line":17,"column":1}},"line":3}},"branchMap":{},"s":{"0":0,"1":1},"f":{"0":0},"b":{},"_coverageSchema":"1a1c01bbd47fc00a2c39e90264f33305004495a9","hash":"bf429b29c3c2a2a7bdc598b8d15a74a937950f1f"}
,"/home/santiagomadaw/advanced-react/src/components/shared/Switch.jsx": {"path":"/home/santiagomadaw/advanced-react/src/components/shared/Switch.jsx","statementMap":{"0":{"start":{"line":4,"column":15},"end":{"line":79,"column":1}},"1":{"start":{"line":81,"column":18},"end":{"line":105,"column":1}},"2":{"start":{"line":82,"column":38},"end":{"line":82,"column":53}},"3":{"start":{"line":84,"column":30},"end":{"line":87,"column":5}},"4":{"start":{"line":85,"column":8},"end":{"line":85,"column":43}},"5":{"start":{"line":86,"column":8},"end":{"line":86,"column":24}},"6":{"start":{"line":89,"column":4},"end":{"line":104,"column":6}},"7":{"start":{"line":107,"column":0},"end":{"line":112,"column":2}}},"fnMap":{"0":{"name":"(anonymous_0)","decl":{"start":{"line":81,"column":18},"end":{"line":81,"column":19}},"loc":{"start":{"line":81,"column":84},"end":{"line":105,"column":1}},"line":81},"1":{"name":"(anonymous_1)","decl":{"start":{"line":84,"column":30},"end":{"line":84,"column":31}},"loc":{"start":{"line":84,"column":41},"end":{"line":87,"column":5}},"line":84}},"branchMap":{"0":{"loc":{"start":{"line":81,"column":31},"end":{"line":81,"column":44}},"type":"default-arg","locations":[{"start":{"line":81,"column":42},"end":{"line":81,"column":44}}],"line":81},"1":{"loc":{"start":{"line":81,"column":46},"end":{"line":81,"column":60}},"type":"default-arg","locations":[{"start":{"line":81,"column":58},"end":{"line":81,"column":60}}],"line":81},"2":{"loc":{"start":{"line":81,"column":62},"end":{"line":81,"column":77}},"type":"default-arg","locations":[{"start":{"line":81,"column":69},"end":{"line":81,"column":77}}],"line":81}},"s":{"0":1,"1":1,"2":1,"3":1,"4":0,"5":0,"6":1,"7":1},"f":{"0":1,"1":0},"b":{"0":[1],"1":[0],"2":[0]},"_coverageSchema":"1a1c01bbd47fc00a2c39e90264f33305004495a9","hash":"e2d568e5995f93dc07c96daa6685dd205d15901c"}
,"/home/santiagomadaw/advanced-react/src/pages/login/LoginPage.jsx": {"path":"/home/santiagomadaw/advanced-react/src/pages/login/LoginPage.jsx","statementMap":{"0":{"start":{"line":17,"column":21},"end":{"line":17,"column":34}},"1":{"start":{"line":18,"column":23},"end":{"line":18,"column":53}},"2":{"start":{"line":18,"column":29},"end":{"line":18,"column":53}},"3":{"start":{"line":19,"column":18},"end":{"line":19,"column":39}},"4":{"start":{"line":20,"column":20},"end":{"line":20,"column":43}},"5":{"start":{"line":21,"column":40},"end":{"line":25,"column":6}},"6":{"start":{"line":27,"column":25},"end":{"line":34,"column":5}},"7":{"start":{"line":28,"column":32},"end":{"line":28,"column":44}},"8":{"start":{"line":29,"column":8},"end":{"line":29,"column":21}},"9":{"start":{"line":30,"column":8},"end":{"line":33,"column":12}},"10":{"start":{"line":30,"column":46},"end":{"line":33,"column":9}},"11":{"start":{"line":35,"column":31},"end":{"line":42,"column":5}},"12":{"start":{"line":36,"column":34},"end":{"line":36,"column":46}},"13":{"start":{"line":37,"column":8},"end":{"line":37,"column":21}},"14":{"start":{"line":38,"column":8},"end":{"line":41,"column":12}},"15":{"start":{"line":38,"column":46},"end":{"line":41,"column":9}},"16":{"start":{"line":44,"column":25},"end":{"line":49,"column":5}},"17":{"start":{"line":45,"column":8},"end":{"line":45,"column":31}},"18":{"start":{"line":46,"column":8},"end":{"line":46,"column":39}},"19":{"start":{"line":51,"column":32},"end":{"line":51,"column":42}},"20":{"start":{"line":52,"column":27},"end":{"line":52,"column":46}},"21":{"start":{"line":53,"column":4},"end":{"line":100,"column":6}},"22":{"start":{"line":102,"column":20},"end":{"line":115,"column":1}}},"fnMap":{"0":{"name":"LoginPage","decl":{"start":{"line":16,"column":24},"end":{"line":16,"column":33}},"loc":{"start":{"line":16,"column":36},"end":{"line":101,"column":1}},"line":16},"1":{"name":"(anonymous_1)","decl":{"start":{"line":18,"column":23},"end":{"line":18,"column":24}},"loc":{"start":{"line":18,"column":29},"end":{"line":18,"column":53}},"line":18},"2":{"name":"(anonymous_2)","decl":{"start":{"line":27,"column":25},"end":{"line":27,"column":26}},"loc":{"start":{"line":27,"column":36},"end":{"line":34,"column":5}},"line":27},"3":{"name":"(anonymous_3)","decl":{"start":{"line":30,"column":22},"end":{"line":30,"column":23}},"loc":{"start":{"line":30,"column":46},"end":{"line":33,"column":9}},"line":30},"4":{"name":"(anonymous_4)","decl":{"start":{"line":35,"column":31},"end":{"line":35,"column":32}},"loc":{"start":{"line":35,"column":42},"end":{"line":42,"column":5}},"line":35},"5":{"name":"(anonymous_5)","decl":{"start":{"line":38,"column":22},"end":{"line":38,"column":23}},"loc":{"start":{"line":38,"column":46},"end":{"line":41,"column":9}},"line":38},"6":{"name":"(anonymous_6)","decl":{"start":{"line":44,"column":25},"end":{"line":44,"column":26}},"loc":{"start":{"line":44,"column":42},"end":{"line":49,"column":5}},"line":44}},"branchMap":{"0":{"loc":{"start":{"line":52,"column":27},"end":{"line":52,"column":46}},"type":"binary-expr","locations":[{"start":{"line":52,"column":27},"end":{"line":52,"column":33}},{"start":{"line":52,"column":37},"end":{"line":52,"column":46}}],"line":52},"1":{"loc":{"start":{"line":92,"column":17},"end":{"line":92,"column":39}},"type":"binary-expr","locations":[{"start":{"line":92,"column":17},"end":{"line":92,"column":24}},{"start":{"line":92,"column":28},"end":{"line":92,"column":39}}],"line":92},"2":{"loc":{"start":{"line":93,"column":13},"end":{"line":97,"column":13}},"type":"binary-expr","locations":[{"start":{"line":93,"column":13},"end":{"line":93,"column":18}},{"start":{"line":93,"column":22},"end":{"line":93,"column":35}},{"start":{"line":94,"column":16},"end":{"line":96,"column":31}}],"line":93}},"s":{"0":1,"1":1,"2":0,"3":1,"4":1,"5":1,"6":1,"7":0,"8":0,"9":0,"10":0,"11":1,"12":0,"13":0,"14":0,"15":0,"16":1,"17":0,"18":0,"19":1,"20":1,"21":1,"22":1},"f":{"0":1,"1":0,"2":0,"3":0,"4":0,"5":0,"6":0},"b":{"0":[1,0],"1":[1,0],"2":[1,0,0]},"_coverageSchema":"1a1c01bbd47fc00a2c39e90264f33305004495a9","hash":"3e05029f3849ecd6bf06ca6792096dffbd5fd16b"}
,"/home/santiagomadaw/advanced-react/src/store/actions.js": {"path":"/home/santiagomadaw/advanced-react/src/store/actions.js","statementMap":{"0":{"start":{"line":36,"column":25},"end":{"line":48,"column":1}},"1":{"start":{"line":36,"column":42},"end":{"line":48,"column":1}},"2":{"start":{"line":37,"column":4},"end":{"line":47,"column":5}},"3":{"start":{"line":38,"column":8},"end":{"line":38,"column":33}},"4":{"start":{"line":39,"column":8},"end":{"line":39,"column":33}},"5":{"start":{"line":40,"column":8},"end":{"line":40,"column":35}},"6":{"start":{"line":41,"column":19},"end":{"line":41,"column":59}},"7":{"start":{"line":42,"column":8},"end":{"line":42,"column":47}},"8":{"start":{"line":45,"column":12},"end":{"line":45,"column":43}},"9":{"start":{"line":50,"column":28},"end":{"line":52,"column":2}},"10":{"start":{"line":50,"column":35},"end":{"line":52,"column":1}},"11":{"start":{"line":53,"column":30},"end":{"line":55,"column":2}},"12":{"start":{"line":53,"column":37},"end":{"line":55,"column":1}},"13":{"start":{"line":56,"column":29},"end":{"line":60,"column":2}},"14":{"start":{"line":56,"column":41},"end":{"line":60,"column":1}},"15":{"start":{"line":65,"column":29},"end":{"line":67,"column":2}},"16":{"start":{"line":65,"column":36},"end":{"line":67,"column":1}},"17":{"start":{"line":68,"column":31},"end":{"line":70,"column":2}},"18":{"start":{"line":68,"column":38},"end":{"line":70,"column":1}},"19":{"start":{"line":71,"column":30},"end":{"line":75,"column":2}},"20":{"start":{"line":71,"column":42},"end":{"line":75,"column":1}},"21":{"start":{"line":76,"column":26},"end":{"line":86,"column":1}},"22":{"start":{"line":76,"column":32},"end":{"line":86,"column":1}},"23":{"start":{"line":77,"column":4},"end":{"line":85,"column":5}},"24":{"start":{"line":78,"column":8},"end":{"line":78,"column":34}},"25":{"start":{"line":79,"column":8},"end":{"line":79,"column":23}},"26":{"start":{"line":80,"column":8},"end":{"line":80,"column":36}},"27":{"start":{"line":83,"column":8},"end":{"line":83,"column":40}},"28":{"start":{"line":90,"column":25},"end":{"line":106,"column":1}},"29":{"start":{"line":90,"column":31},"end":{"line":106,"column":1}},"30":{"start":{"line":91,"column":26},"end":{"line":91,"column":49}},"31":{"start":{"line":92,"column":4},"end":{"line":104,"column":5}},"32":{"start":{"line":94,"column":8},"end":{"line":103,"column":9}},"33":{"start":{"line":95,"column":12},"end":{"line":95,"column":41}},"34":{"start":{"line":96,"column":27},"end":{"line":96,"column":41}},"35":{"start":{"line":97,"column":12},"end":{"line":97,"column":54}},"36":{"start":{"line":98,"column":12},"end":{"line":98,"column":34}},"37":{"start":{"line":100,"column":12},"end":{"line":102,"column":13}},"38":{"start":{"line":101,"column":16},"end":{"line":101,"column":51}},"39":{"start":{"line":105,"column":4},"end":{"line":105,"column":26}},"40":{"start":{"line":107,"column":32},"end":{"line":109,"column":2}},"41":{"start":{"line":107,"column":39},"end":{"line":109,"column":1}},"42":{"start":{"line":111,"column":34},"end":{"line":114,"column":2}},"43":{"start":{"line":111,"column":44},"end":{"line":114,"column":1}},"44":{"start":{"line":116,"column":33},"end":{"line":120,"column":2}},"45":{"start":{"line":116,"column":45},"end":{"line":120,"column":1}},"46":{"start":{"line":123,"column":30},"end":{"line":135,"column":1}},"47":{"start":{"line":123,"column":38},"end":{"line":135,"column":1}},"48":{"start":{"line":124,"column":18},"end":{"line":124,"column":28}},"49":{"start":{"line":125,"column":4},"end":{"line":133,"column":5}},"50":{"start":{"line":126,"column":8},"end":{"line":132,"column":9}},"51":{"start":{"line":127,"column":12},"end":{"line":127,"column":40}},"52":{"start":{"line":128,"column":23},"end":{"line":128,"column":38}},"53":{"start":{"line":129,"column":12},"end":{"line":129,"column":49}},"54":{"start":{"line":131,"column":12},"end":{"line":131,"column":46}},"55":{"start":{"line":136,"column":31},"end":{"line":138,"column":2}},"56":{"start":{"line":136,"column":38},"end":{"line":138,"column":1}},"57":{"start":{"line":140,"column":33},"end":{"line":143,"column":2}},"58":{"start":{"line":140,"column":43},"end":{"line":143,"column":1}},"59":{"start":{"line":145,"column":32},"end":{"line":149,"column":2}},"60":{"start":{"line":145,"column":44},"end":{"line":149,"column":1}},"61":{"start":{"line":152,"column":24},"end":{"line":179,"column":1}},"62":{"start":{"line":152,"column":40},"end":{"line":179,"column":1}},"63":{"start":{"line":154,"column":4},"end":{"line":176,"column":5}},"64":{"start":{"line":155,"column":8},"end":{"line":155,"column":39}},"65":{"start":{"line":157,"column":8},"end":{"line":157,"column":37}},"66":{"start":{"line":158,"column":25},"end":{"line":158,"column":49}},"67":{"start":{"line":159,"column":8},"end":{"line":159,"column":41}},"68":{"start":{"line":161,"column":8},"end":{"line":161,"column":52}},"69":{"start":{"line":162,"column":8},"end":{"line":162,"column":32}},"70":{"start":{"line":164,"column":8},"end":{"line":164,"column":30}},"71":{"start":{"line":165,"column":8},"end":{"line":169,"column":17}},"72":{"start":{"line":167,"column":23},"end":{"line":167,"column":53}},"73":{"start":{"line":168,"column":12},"end":{"line":168,"column":51}},"74":{"start":{"line":173,"column":8},"end":{"line":175,"column":9}},"75":{"start":{"line":174,"column":12},"end":{"line":174,"column":47}},"76":{"start":{"line":181,"column":32},"end":{"line":183,"column":2}},"77":{"start":{"line":181,"column":39},"end":{"line":183,"column":1}},"78":{"start":{"line":185,"column":34},"end":{"line":188,"column":2}},"79":{"start":{"line":185,"column":43},"end":{"line":188,"column":1}},"80":{"start":{"line":190,"column":33},"end":{"line":194,"column":2}},"81":{"start":{"line":190,"column":45},"end":{"line":194,"column":1}},"82":{"start":{"line":198,"column":24},"end":{"line":225,"column":1}},"83":{"start":{"line":198,"column":32},"end":{"line":225,"column":1}},"84":{"start":{"line":200,"column":4},"end":{"line":221,"column":5}},"85":{"start":{"line":202,"column":8},"end":{"line":202,"column":36}},"86":{"start":{"line":203,"column":8},"end":{"line":216,"column":9}},"87":{"start":{"line":204,"column":12},"end":{"line":204,"column":31}},"88":{"start":{"line":205,"column":12},"end":{"line":205,"column":62}},"89":{"start":{"line":206,"column":12},"end":{"line":209,"column":21}},"90":{"start":{"line":207,"column":16},"end":{"line":207,"column":44}},"91":{"start":{"line":208,"column":16},"end":{"line":208,"column":41}},"92":{"start":{"line":211,"column":12},"end":{"line":214,"column":21}},"93":{"start":{"line":212,"column":16},"end":{"line":212,"column":48}},"94":{"start":{"line":213,"column":16},"end":{"line":213,"column":38}},"95":{"start":{"line":218,"column":8},"end":{"line":220,"column":9}},"96":{"start":{"line":219,"column":12},"end":{"line":219,"column":46}},"97":{"start":{"line":227,"column":31},"end":{"line":229,"column":2}},"98":{"start":{"line":227,"column":38},"end":{"line":229,"column":1}},"99":{"start":{"line":231,"column":33},"end":{"line":234,"column":2}},"100":{"start":{"line":231,"column":42},"end":{"line":234,"column":1}},"101":{"start":{"line":236,"column":32},"end":{"line":240,"column":2}},"102":{"start":{"line":236,"column":44},"end":{"line":240,"column":1}},"103":{"start":{"line":245,"column":34},"end":{"line":248,"column":2}},"104":{"start":{"line":245,"column":47},"end":{"line":248,"column":1}},"105":{"start":{"line":249,"column":32},"end":{"line":252,"column":2}},"106":{"start":{"line":249,"column":43},"end":{"line":252,"column":1}},"107":{"start":{"line":253,"column":35},"end":{"line":256,"column":2}},"108":{"start":{"line":253,"column":49},"end":{"line":256,"column":1}},"109":{"start":{"line":257,"column":33},"end":{"line":260,"column":2}},"110":{"start":{"line":257,"column":45},"end":{"line":260,"column":1}},"111":{"start":{"line":264,"column":28},"end":{"line":267,"column":2}},"112":{"start":{"line":264,"column":43},"end":{"line":267,"column":1}},"113":{"start":{"line":269,"column":25},"end":{"line":275,"column":1}},"114":{"start":{"line":269,"column":31},"end":{"line":275,"column":1}},"115":{"start":{"line":270,"column":18},"end":{"line":270,"column":28}},"116":{"start":{"line":271,"column":16},"end":{"line":271,"column":35}},"117":{"start":{"line":272,"column":21},"end":{"line":272,"column":42}},"118":{"start":{"line":273,"column":4},"end":{"line":273,"column":37}},"119":{"start":{"line":274,"column":4},"end":{"line":274,"column":47}},"120":{"start":{"line":277,"column":28},"end":{"line":280,"column":2}},"121":{"start":{"line":277,"column":43},"end":{"line":280,"column":1}},"122":{"start":{"line":283,"column":26},"end":{"line":300,"column":1}},"123":{"start":{"line":283,"column":32},"end":{"line":300,"column":1}},"124":{"start":{"line":284,"column":27},"end":{"line":284,"column":51}},"125":{"start":{"line":285,"column":4},"end":{"line":298,"column":5}},"126":{"start":{"line":287,"column":8},"end":{"line":297,"column":9}},"127":{"start":{"line":288,"column":12},"end":{"line":288,"column":42}},"128":{"start":{"line":289,"column":25},"end":{"line":289,"column":40}},"129":{"start":{"line":290,"column":12},"end":{"line":290,"column":53}},"130":{"start":{"line":294,"column":12},"end":{"line":296,"column":13}},"131":{"start":{"line":295,"column":16},"end":{"line":295,"column":52}},"132":{"start":{"line":302,"column":33},"end":{"line":304,"column":2}},"133":{"start":{"line":302,"column":40},"end":{"line":304,"column":1}},"134":{"start":{"line":305,"column":35},"end":{"line":308,"column":2}},"135":{"start":{"line":305,"column":46},"end":{"line":308,"column":1}},"136":{"start":{"line":309,"column":34},"end":{"line":313,"column":2}},"137":{"start":{"line":309,"column":46},"end":{"line":313,"column":1}},"138":{"start":{"line":317,"column":28},"end":{"line":319,"column":2}},"139":{"start":{"line":317,"column":35},"end":{"line":319,"column":1}},"140":{"start":{"line":320,"column":26},"end":{"line":324,"column":2}},"141":{"start":{"line":320,"column":38},"end":{"line":324,"column":1}}},"fnMap":{"0":{"name":"(anonymous_0)","decl":{"start":{"line":36,"column":25},"end":{"line":36,"column":26}},"loc":{"start":{"line":36,"column":42},"end":{"line":48,"column":1}},"line":36},"1":{"name":"(anonymous_1)","decl":{"start":{"line":36,"column":42},"end":{"line":36,"column":43}},"loc":{"start":{"line":36,"column":106},"end":{"line":48,"column":1}},"line":36},"2":{"name":"(anonymous_2)","decl":{"start":{"line":50,"column":28},"end":{"line":50,"column":29}},"loc":{"start":{"line":50,"column":35},"end":{"line":52,"column":1}},"line":50},"3":{"name":"(anonymous_3)","decl":{"start":{"line":53,"column":30},"end":{"line":53,"column":31}},"loc":{"start":{"line":53,"column":37},"end":{"line":55,"column":1}},"line":53},"4":{"name":"(anonymous_4)","decl":{"start":{"line":56,"column":29},"end":{"line":56,"column":30}},"loc":{"start":{"line":56,"column":41},"end":{"line":60,"column":1}},"line":56},"5":{"name":"(anonymous_5)","decl":{"start":{"line":65,"column":29},"end":{"line":65,"column":30}},"loc":{"start":{"line":65,"column":36},"end":{"line":67,"column":1}},"line":65},"6":{"name":"(anonymous_6)","decl":{"start":{"line":68,"column":31},"end":{"line":68,"column":32}},"loc":{"start":{"line":68,"column":38},"end":{"line":70,"column":1}},"line":68},"7":{"name":"(anonymous_7)","decl":{"start":{"line":71,"column":30},"end":{"line":71,"column":31}},"loc":{"start":{"line":71,"column":42},"end":{"line":75,"column":1}},"line":71},"8":{"name":"(anonymous_8)","decl":{"start":{"line":76,"column":26},"end":{"line":76,"column":27}},"loc":{"start":{"line":76,"column":32},"end":{"line":86,"column":1}},"line":76},"9":{"name":"(anonymous_9)","decl":{"start":{"line":76,"column":32},"end":{"line":76,"column":33}},"loc":{"start":{"line":76,"column":89},"end":{"line":86,"column":1}},"line":76},"10":{"name":"(anonymous_10)","decl":{"start":{"line":90,"column":25},"end":{"line":90,"column":26}},"loc":{"start":{"line":90,"column":31},"end":{"line":106,"column":1}},"line":90},"11":{"name":"(anonymous_11)","decl":{"start":{"line":90,"column":31},"end":{"line":90,"column":32}},"loc":{"start":{"line":90,"column":87},"end":{"line":106,"column":1}},"line":90},"12":{"name":"(anonymous_12)","decl":{"start":{"line":107,"column":32},"end":{"line":107,"column":33}},"loc":{"start":{"line":107,"column":39},"end":{"line":109,"column":1}},"line":107},"13":{"name":"(anonymous_13)","decl":{"start":{"line":111,"column":34},"end":{"line":111,"column":35}},"loc":{"start":{"line":111,"column":44},"end":{"line":114,"column":1}},"line":111},"14":{"name":"(anonymous_14)","decl":{"start":{"line":116,"column":33},"end":{"line":116,"column":34}},"loc":{"start":{"line":116,"column":45},"end":{"line":120,"column":1}},"line":116},"15":{"name":"(anonymous_15)","decl":{"start":{"line":123,"column":30},"end":{"line":123,"column":31}},"loc":{"start":{"line":123,"column":38},"end":{"line":135,"column":1}},"line":123},"16":{"name":"(anonymous_16)","decl":{"start":{"line":123,"column":38},"end":{"line":123,"column":39}},"loc":{"start":{"line":123,"column":93},"end":{"line":135,"column":1}},"line":123},"17":{"name":"(anonymous_17)","decl":{"start":{"line":136,"column":31},"end":{"line":136,"column":32}},"loc":{"start":{"line":136,"column":38},"end":{"line":138,"column":1}},"line":136},"18":{"name":"(anonymous_18)","decl":{"start":{"line":140,"column":33},"end":{"line":140,"column":34}},"loc":{"start":{"line":140,"column":43},"end":{"line":143,"column":1}},"line":140},"19":{"name":"(anonymous_19)","decl":{"start":{"line":145,"column":32},"end":{"line":145,"column":33}},"loc":{"start":{"line":145,"column":44},"end":{"line":149,"column":1}},"line":145},"20":{"name":"(anonymous_20)","decl":{"start":{"line":152,"column":24},"end":{"line":152,"column":25}},"loc":{"start":{"line":152,"column":40},"end":{"line":179,"column":1}},"line":152},"21":{"name":"(anonymous_21)","decl":{"start":{"line":152,"column":40},"end":{"line":152,"column":41}},"loc":{"start":{"line":152,"column":105},"end":{"line":179,"column":1}},"line":152},"22":{"name":"(anonymous_22)","decl":{"start":{"line":165,"column":19},"end":{"line":165,"column":20}},"loc":{"start":{"line":165,"column":25},"end":{"line":169,"column":9}},"line":165},"23":{"name":"(anonymous_23)","decl":{"start":{"line":181,"column":32},"end":{"line":181,"column":33}},"loc":{"start":{"line":181,"column":39},"end":{"line":183,"column":1}},"line":181},"24":{"name":"(anonymous_24)","decl":{"start":{"line":185,"column":34},"end":{"line":185,"column":35}},"loc":{"start":{"line":185,"column":43},"end":{"line":188,"column":1}},"line":185},"25":{"name":"(anonymous_25)","decl":{"start":{"line":190,"column":33},"end":{"line":190,"column":34}},"loc":{"start":{"line":190,"column":45},"end":{"line":194,"column":1}},"line":190},"26":{"name":"(anonymous_26)","decl":{"start":{"line":198,"column":24},"end":{"line":198,"column":25}},"loc":{"start":{"line":198,"column":32},"end":{"line":225,"column":1}},"line":198},"27":{"name":"(anonymous_27)","decl":{"start":{"line":198,"column":32},"end":{"line":198,"column":33}},"loc":{"start":{"line":198,"column":99},"end":{"line":225,"column":1}},"line":198},"28":{"name":"(anonymous_28)","decl":{"start":{"line":206,"column":23},"end":{"line":206,"column":24}},"loc":{"start":{"line":206,"column":29},"end":{"line":209,"column":13}},"line":206},"29":{"name":"(anonymous_29)","decl":{"start":{"line":211,"column":23},"end":{"line":211,"column":24}},"loc":{"start":{"line":211,"column":29},"end":{"line":214,"column":13}},"line":211},"30":{"name":"(anonymous_30)","decl":{"start":{"line":227,"column":31},"end":{"line":227,"column":32}},"loc":{"start":{"line":227,"column":38},"end":{"line":229,"column":1}},"line":227},"31":{"name":"(anonymous_31)","decl":{"start":{"line":231,"column":33},"end":{"line":231,"column":34}},"loc":{"start":{"line":231,"column":42},"end":{"line":234,"column":1}},"line":231},"32":{"name":"(anonymous_32)","decl":{"start":{"line":236,"column":32},"end":{"line":236,"column":33}},"loc":{"start":{"line":236,"column":44},"end":{"line":240,"column":1}},"line":236},"33":{"name":"(anonymous_33)","decl":{"start":{"line":245,"column":34},"end":{"line":245,"column":35}},"loc":{"start":{"line":245,"column":47},"end":{"line":248,"column":1}},"line":245},"34":{"name":"(anonymous_34)","decl":{"start":{"line":249,"column":32},"end":{"line":249,"column":33}},"loc":{"start":{"line":249,"column":43},"end":{"line":252,"column":1}},"line":249},"35":{"name":"(anonymous_35)","decl":{"start":{"line":253,"column":35},"end":{"line":253,"column":36}},"loc":{"start":{"line":253,"column":49},"end":{"line":256,"column":1}},"line":253},"36":{"name":"(anonymous_36)","decl":{"start":{"line":257,"column":33},"end":{"line":257,"column":34}},"loc":{"start":{"line":257,"column":45},"end":{"line":260,"column":1}},"line":257},"37":{"name":"(anonymous_37)","decl":{"start":{"line":264,"column":28},"end":{"line":264,"column":29}},"loc":{"start":{"line":264,"column":43},"end":{"line":267,"column":1}},"line":264},"38":{"name":"(anonymous_38)","decl":{"start":{"line":269,"column":25},"end":{"line":269,"column":26}},"loc":{"start":{"line":269,"column":31},"end":{"line":275,"column":1}},"line":269},"39":{"name":"(anonymous_39)","decl":{"start":{"line":269,"column":31},"end":{"line":269,"column":32}},"loc":{"start":{"line":269,"column":77},"end":{"line":275,"column":1}},"line":269},"40":{"name":"(anonymous_40)","decl":{"start":{"line":277,"column":28},"end":{"line":277,"column":29}},"loc":{"start":{"line":277,"column":43},"end":{"line":280,"column":1}},"line":277},"41":{"name":"(anonymous_41)","decl":{"start":{"line":283,"column":26},"end":{"line":283,"column":27}},"loc":{"start":{"line":283,"column":32},"end":{"line":300,"column":1}},"line":283},"42":{"name":"(anonymous_42)","decl":{"start":{"line":283,"column":32},"end":{"line":283,"column":33}},"loc":{"start":{"line":283,"column":90},"end":{"line":300,"column":1}},"line":283},"43":{"name":"(anonymous_43)","decl":{"start":{"line":302,"column":33},"end":{"line":302,"column":34}},"loc":{"start":{"line":302,"column":40},"end":{"line":304,"column":1}},"line":302},"44":{"name":"(anonymous_44)","decl":{"start":{"line":305,"column":35},"end":{"line":305,"column":36}},"loc":{"start":{"line":305,"column":46},"end":{"line":308,"column":1}},"line":305},"45":{"name":"(anonymous_45)","decl":{"start":{"line":309,"column":34},"end":{"line":309,"column":35}},"loc":{"start":{"line":309,"column":46},"end":{"line":313,"column":1}},"line":309},"46":{"name":"(anonymous_46)","decl":{"start":{"line":317,"column":28},"end":{"line":317,"column":29}},"loc":{"start":{"line":317,"column":35},"end":{"line":319,"column":1}},"line":317},"47":{"name":"(anonymous_47)","decl":{"start":{"line":320,"column":26},"end":{"line":320,"column":27}},"loc":{"start":{"line":320,"column":38},"end":{"line":324,"column":1}},"line":320}},"branchMap":{"0":{"loc":{"start":{"line":41,"column":19},"end":{"line":41,"column":59}},"type":"binary-expr","locations":[{"start":{"line":41,"column":19},"end":{"line":41,"column":52}},{"start":{"line":41,"column":56},"end":{"line":41,"column":59}}],"line":41},"1":{"loc":{"start":{"line":92,"column":4},"end":{"line":104,"column":5}},"type":"if","locations":[{"start":{"line":92,"column":4},"end":{"line":104,"column":5}},{"start":{},"end":{}}],"line":92},"2":{"loc":{"start":{"line":100,"column":12},"end":{"line":102,"column":13}},"type":"if","locations":[{"start":{"line":100,"column":12},"end":{"line":102,"column":13}},{"start":{},"end":{}}],"line":100},"3":{"loc":{"start":{"line":125,"column":4},"end":{"line":133,"column":5}},"type":"if","locations":[{"start":{"line":125,"column":4},"end":{"line":133,"column":5}},{"start":{},"end":{}}],"line":125},"4":{"loc":{"start":{"line":173,"column":8},"end":{"line":175,"column":9}},"type":"if","locations":[{"start":{"line":173,"column":8},"end":{"line":175,"column":9}},{"start":{},"end":{}}],"line":173},"5":{"loc":{"start":{"line":203,"column":8},"end":{"line":216,"column":9}},"type":"if","locations":[{"start":{"line":203,"column":8},"end":{"line":216,"column":9}},{"start":{},"end":{}}],"line":203},"6":{"loc":{"start":{"line":218,"column":8},"end":{"line":220,"column":9}},"type":"if","locations":[{"start":{"line":218,"column":8},"end":{"line":220,"column":9}},{"start":{},"end":{}}],"line":218},"7":{"loc":{"start":{"line":285,"column":4},"end":{"line":298,"column":5}},"type":"if","locations":[{"start":{"line":285,"column":4},"end":{"line":298,"column":5}},{"start":{},"end":{}}],"line":285},"8":{"loc":{"start":{"line":294,"column":12},"end":{"line":296,"column":13}},"type":"if","locations":[{"start":{"line":294,"column":12},"end":{"line":296,"column":13}},{"start":{},"end":{}}],"line":294}},"s":{"0":3,"1":1,"2":2,"3":2,"4":2,"5":1,"6":1,"7":1,"8":1,"9":3,"10":5,"11":3,"12":3,"13":3,"14":2,"15":3,"16":4,"17":3,"18":3,"19":3,"20":2,"21":3,"22":1,"23":2,"24":2,"25":2,"26":1,"27":1,"28":3,"29":0,"30":0,"31":0,"32":0,"33":0,"34":0,"35":0,"36":0,"37":0,"38":0,"39":0,"40":3,"41":0,"42":3,"43":1,"44":3,"45":0,"46":3,"47":0,"48":0,"49":0,"50":0,"51":0,"52":0,"53":0,"54":0,"55":3,"56":0,"57":3,"58":0,"59":3,"60":1,"61":3,"62":0,"63":0,"64":0,"65":0,"66":0,"67":0,"68":0,"69":0,"70":0,"71":0,"72":0,"73":0,"74":0,"75":0,"76":3,"77":0,"78":3,"79":0,"80":3,"81":0,"82":3,"83":0,"84":0,"85":0,"86":0,"87":0,"88":0,"89":0,"90":0,"91":0,"92":0,"93":0,"94":0,"95":0,"96":0,"97":3,"98":0,"99":3,"100":0,"101":3,"102":0,"103":3,"104":0,"105":3,"106":0,"107":3,"108":0,"109":3,"110":0,"111":3,"112":0,"113":3,"114":0,"115":0,"116":0,"117":0,"118":0,"119":0,"120":3,"121":1,"122":3,"123":0,"124":0,"125":0,"126":0,"127":0,"128":0,"129":0,"130":0,"131":0,"132":3,"133":0,"134":3,"135":1,"136":3,"137":1,"138":3,"139":0,"140":3,"141":0},"f":{"0":1,"1":2,"2":5,"3":3,"4":2,"5":4,"6":3,"7":2,"8":1,"9":2,"10":0,"11":0,"12":0,"13":1,"14":0,"15":0,"16":0,"17":0,"18":0,"19":1,"20":0,"21":0,"22":0,"23":0,"24":0,"25":0,"26":0,"27":0,"28":0,"29":0,"30":0,"31":0,"32":0,"33":0,"34":0,"35":0,"36":0,"37":0,"38":0,"39":0,"40":1,"41":0,"42":0,"43":0,"44":1,"45":1,"46":0,"47":0},"b":{"0":[1,0],"1":[0,0],"2":[0,0],"3":[0,0],"4":[0,0],"5":[0,0],"6":[0,0],"7":[0,0],"8":[0,0]},"_coverageSchema":"1a1c01bbd47fc00a2c39e90264f33305004495a9","hash":"151c57c5853530b79781dc88f108860f470afbfa"}
,"/home/santiagomadaw/advanced-react/src/store/reducers.js": {"path":"/home/santiagomadaw/advanced-react/src/store/reducers.js","statementMap":{"0":{"start":{"line":19,"column":28},"end":{"line":40,"column":1}},"1":{"start":{"line":44,"column":2},"end":{"line":51,"column":3}},"2":{"start":{"line":46,"column":6},"end":{"line":46,"column":18}},"3":{"start":{"line":48,"column":6},"end":{"line":48,"column":19}},"4":{"start":{"line":50,"column":6},"end":{"line":50,"column":19}},"5":{"start":{"line":56,"column":2},"end":{"line":67,"column":3}},"6":{"start":{"line":58,"column":6},"end":{"line":58,"column":52}},"7":{"start":{"line":60,"column":6},"end":{"line":60,"column":70}},"8":{"start":{"line":62,"column":6},"end":{"line":62,"column":65}},"9":{"start":{"line":64,"column":6},"end":{"line":64,"column":83}},"10":{"start":{"line":64,"column":55},"end":{"line":64,"column":79}},"11":{"start":{"line":66,"column":6},"end":{"line":66,"column":19}},"12":{"start":{"line":77,"column":2},"end":{"line":97,"column":3}},"13":{"start":{"line":80,"column":6},"end":{"line":80,"column":50}},"14":{"start":{"line":82,"column":6},"end":{"line":82,"column":48}},"15":{"start":{"line":84,"column":6},"end":{"line":84,"column":51}},"16":{"start":{"line":86,"column":6},"end":{"line":86,"column":49}},"17":{"start":{"line":88,"column":6},"end":{"line":93,"column":8}},"18":{"start":{"line":96,"column":6},"end":{"line":96,"column":19}},"19":{"start":{"line":102,"column":2},"end":{"line":107,"column":3}},"20":{"start":{"line":104,"column":6},"end":{"line":104,"column":33}},"21":{"start":{"line":106,"column":6},"end":{"line":106,"column":19}},"22":{"start":{"line":112,"column":2},"end":{"line":117,"column":3}},"23":{"start":{"line":114,"column":6},"end":{"line":114,"column":52}},"24":{"start":{"line":116,"column":6},"end":{"line":116,"column":19}},"25":{"start":{"line":126,"column":2},"end":{"line":128,"column":3}},"26":{"start":{"line":127,"column":4},"end":{"line":127,"column":63}},"27":{"start":{"line":129,"column":2},"end":{"line":131,"column":3}},"28":{"start":{"line":130,"column":4},"end":{"line":130,"column":37}},"29":{"start":{"line":132,"column":2},"end":{"line":134,"column":3}},"30":{"start":{"line":133,"column":4},"end":{"line":133,"column":39}},"31":{"start":{"line":135,"column":2},"end":{"line":137,"column":3}},"32":{"start":{"line":136,"column":4},"end":{"line":136,"column":53}},"33":{"start":{"line":138,"column":2},"end":{"line":138,"column":15}}},"fnMap":{"0":{"name":"auth","decl":{"start":{"line":43,"column":16},"end":{"line":43,"column":20}},"loc":{"start":{"line":43,"column":56},"end":{"line":52,"column":1}},"line":43},"1":{"name":"ads","decl":{"start":{"line":55,"column":16},"end":{"line":55,"column":19}},"loc":{"start":{"line":55,"column":54},"end":{"line":68,"column":1}},"line":55},"2":{"name":"(anonymous_2)","decl":{"start":{"line":64,"column":49},"end":{"line":64,"column":50}},"loc":{"start":{"line":64,"column":55},"end":{"line":64,"column":79}},"line":64},"3":{"name":"filters","decl":{"start":{"line":76,"column":16},"end":{"line":76,"column":23}},"loc":{"start":{"line":76,"column":62},"end":{"line":98,"column":1}},"line":76},"4":{"name":"slider","decl":{"start":{"line":101,"column":16},"end":{"line":101,"column":22}},"loc":{"start":{"line":101,"column":60},"end":{"line":108,"column":1}},"line":101},"5":{"name":"tags","decl":{"start":{"line":111,"column":16},"end":{"line":111,"column":20}},"loc":{"start":{"line":111,"column":56},"end":{"line":118,"column":1}},"line":111},"6":{"name":"ui","decl":{"start":{"line":125,"column":16},"end":{"line":125,"column":18}},"loc":{"start":{"line":125,"column":52},"end":{"line":139,"column":1}},"line":125}},"branchMap":{"0":{"loc":{"start":{"line":43,"column":21},"end":{"line":43,"column":46}},"type":"default-arg","locations":[{"start":{"line":43,"column":29},"end":{"line":43,"column":46}}],"line":43},"1":{"loc":{"start":{"line":44,"column":2},"end":{"line":51,"column":3}},"type":"switch","locations":[{"start":{"line":45,"column":4},"end":{"line":46,"column":18}},{"start":{"line":47,"column":4},"end":{"line":48,"column":19}},{"start":{"line":49,"column":4},"end":{"line":50,"column":19}}],"line":44},"2":{"loc":{"start":{"line":55,"column":20},"end":{"line":55,"column":44}},"type":"default-arg","locations":[{"start":{"line":55,"column":28},"end":{"line":55,"column":44}}],"line":55},"3":{"loc":{"start":{"line":56,"column":2},"end":{"line":67,"column":3}},"type":"switch","locations":[{"start":{"line":57,"column":4},"end":{"line":58,"column":52}},{"start":{"line":59,"column":4},"end":{"line":60,"column":70}},{"start":{"line":61,"column":4},"end":{"line":62,"column":65}},{"start":{"line":63,"column":4},"end":{"line":64,"column":83}},{"start":{"line":65,"column":4},"end":{"line":66,"column":19}}],"line":56},"4":{"loc":{"start":{"line":76,"column":24},"end":{"line":76,"column":52}},"type":"default-arg","locations":[{"start":{"line":76,"column":32},"end":{"line":76,"column":52}}],"line":76},"5":{"loc":{"start":{"line":77,"column":2},"end":{"line":97,"column":3}},"type":"switch","locations":[{"start":{"line":78,"column":4},"end":{"line":80,"column":50}},{"start":{"line":81,"column":4},"end":{"line":82,"column":48}},{"start":{"line":83,"column":4},"end":{"line":84,"column":51}},{"start":{"line":85,"column":4},"end":{"line":86,"column":49}},{"start":{"line":87,"column":4},"end":{"line":93,"column":8}},{"start":{"line":95,"column":4},"end":{"line":96,"column":19}}],"line":77},"6":{"loc":{"start":{"line":101,"column":23},"end":{"line":101,"column":50}},"type":"default-arg","locations":[{"start":{"line":101,"column":31},"end":{"line":101,"column":50}}],"line":101},"7":{"loc":{"start":{"line":102,"column":2},"end":{"line":107,"column":3}},"type":"switch","locations":[{"start":{"line":103,"column":4},"end":{"line":104,"column":33}},{"start":{"line":105,"column":4},"end":{"line":106,"column":19}}],"line":102},"8":{"loc":{"start":{"line":111,"column":21},"end":{"line":111,"column":46}},"type":"default-arg","locations":[{"start":{"line":111,"column":29},"end":{"line":111,"column":46}}],"line":111},"9":{"loc":{"start":{"line":112,"column":2},"end":{"line":117,"column":3}},"type":"switch","locations":[{"start":{"line":113,"column":4},"end":{"line":114,"column":52}},{"start":{"line":115,"column":4},"end":{"line":116,"column":19}}],"line":112},"10":{"loc":{"start":{"line":125,"column":19},"end":{"line":125,"column":42}},"type":"default-arg","locations":[{"start":{"line":125,"column":27},"end":{"line":125,"column":42}}],"line":125},"11":{"loc":{"start":{"line":126,"column":2},"end":{"line":128,"column":3}},"type":"if","locations":[{"start":{"line":126,"column":2},"end":{"line":128,"column":3}},{"start":{},"end":{}}],"line":126},"12":{"loc":{"start":{"line":129,"column":2},"end":{"line":131,"column":3}},"type":"if","locations":[{"start":{"line":129,"column":2},"end":{"line":131,"column":3}},{"start":{},"end":{}}],"line":129},"13":{"loc":{"start":{"line":132,"column":2},"end":{"line":134,"column":3}},"type":"if","locations":[{"start":{"line":132,"column":2},"end":{"line":134,"column":3}},{"start":{},"end":{}}],"line":132},"14":{"loc":{"start":{"line":135,"column":2},"end":{"line":137,"column":3}},"type":"if","locations":[{"start":{"line":135,"column":2},"end":{"line":137,"column":3}},{"start":{},"end":{}}],"line":135}},"s":{"0":1,"1":3,"2":1,"3":1,"4":1,"5":1,"6":0,"7":0,"8":0,"9":0,"10":0,"11":1,"12":1,"13":0,"14":0,"15":0,"16":0,"17":0,"18":1,"19":0,"20":0,"21":0,"22":1,"23":1,"24":0,"25":1,"26":1,"27":0,"28":0,"29":0,"30":0,"31":0,"32":0,"33":0},"f":{"0":3,"1":1,"2":0,"3":1,"4":0,"5":1,"6":1},"b":{"0":[0],"1":[1,1,1],"2":[0],"3":[0,0,0,0,1],"4":[0],"5":[0,0,0,0,0,1],"6":[0],"7":[0,0],"8":[0],"9":[1,0],"10":[0],"11":[1,0],"12":[0,0],"13":[0,0],"14":[0,0]},"_coverageSchema":"1a1c01bbd47fc00a2c39e90264f33305004495a9","hash":"7072cbe1478822617fb20d851e9cd0969e42b669"}
,"/home/santiagomadaw/advanced-react/src/store/selectors.js": {"path":"/home/santiagomadaw/advanced-react/src/store/selectors.js","statementMap":{"0":{"start":{"line":1,"column":27},"end":{"line":1,"column":46}},"1":{"start":{"line":1,"column":36},"end":{"line":1,"column":46}},"2":{"start":{"line":4,"column":28},"end":{"line":4,"column":51}},"3":{"start":{"line":4,"column":37},"end":{"line":4,"column":51}},"4":{"start":{"line":6,"column":27},"end":{"line":6,"column":52}},"5":{"start":{"line":6,"column":36},"end":{"line":6,"column":52}},"6":{"start":{"line":8,"column":25},"end":{"line":8,"column":88}},"7":{"start":{"line":8,"column":33},"end":{"line":8,"column":88}},"8":{"start":{"line":8,"column":42},"end":{"line":8,"column":88}},"9":{"start":{"line":8,"column":73},"end":{"line":8,"column":87}},"10":{"start":{"line":12,"column":26},"end":{"line":12,"column":48}},"11":{"start":{"line":12,"column":35},"end":{"line":12,"column":48}},"12":{"start":{"line":14,"column":25},"end":{"line":14,"column":46}},"13":{"start":{"line":14,"column":34},"end":{"line":14,"column":46}},"14":{"start":{"line":18,"column":23},"end":{"line":18,"column":46}},"15":{"start":{"line":18,"column":32},"end":{"line":18,"column":46}},"16":{"start":{"line":20,"column":25},"end":{"line":20,"column":50}},"17":{"start":{"line":20,"column":34},"end":{"line":20,"column":50}},"18":{"start":{"line":23,"column":29},"end":{"line":23,"column":53}},"19":{"start":{"line":23,"column":38},"end":{"line":23,"column":53}},"20":{"start":{"line":25,"column":28},"end":{"line":25,"column":54}},"21":{"start":{"line":25,"column":37},"end":{"line":25,"column":54}}},"fnMap":{"0":{"name":"(anonymous_0)","decl":{"start":{"line":1,"column":27},"end":{"line":1,"column":28}},"loc":{"start":{"line":1,"column":36},"end":{"line":1,"column":46}},"line":1},"1":{"name":"(anonymous_1)","decl":{"start":{"line":4,"column":28},"end":{"line":4,"column":29}},"loc":{"start":{"line":4,"column":37},"end":{"line":4,"column":51}},"line":4},"2":{"name":"(anonymous_2)","decl":{"start":{"line":6,"column":27},"end":{"line":6,"column":28}},"loc":{"start":{"line":6,"column":36},"end":{"line":6,"column":52}},"line":6},"3":{"name":"(anonymous_3)","decl":{"start":{"line":8,"column":25},"end":{"line":8,"column":26}},"loc":{"start":{"line":8,"column":33},"end":{"line":8,"column":88}},"line":8},"4":{"name":"(anonymous_4)","decl":{"start":{"line":8,"column":33},"end":{"line":8,"column":34}},"loc":{"start":{"line":8,"column":42},"end":{"line":8,"column":88}},"line":8},"5":{"name":"(anonymous_5)","decl":{"start":{"line":8,"column":67},"end":{"line":8,"column":68}},"loc":{"start":{"line":8,"column":73},"end":{"line":8,"column":87}},"line":8},"6":{"name":"(anonymous_6)","decl":{"start":{"line":12,"column":26},"end":{"line":12,"column":27}},"loc":{"start":{"line":12,"column":35},"end":{"line":12,"column":48}},"line":12},"7":{"name":"(anonymous_7)","decl":{"start":{"line":14,"column":25},"end":{"line":14,"column":26}},"loc":{"start":{"line":14,"column":34},"end":{"line":14,"column":46}},"line":14},"8":{"name":"(anonymous_8)","decl":{"start":{"line":18,"column":23},"end":{"line":18,"column":24}},"loc":{"start":{"line":18,"column":32},"end":{"line":18,"column":46}},"line":18},"9":{"name":"(anonymous_9)","decl":{"start":{"line":20,"column":25},"end":{"line":20,"column":26}},"loc":{"start":{"line":20,"column":34},"end":{"line":20,"column":50}},"line":20},"10":{"name":"(anonymous_10)","decl":{"start":{"line":23,"column":29},"end":{"line":23,"column":30}},"loc":{"start":{"line":23,"column":38},"end":{"line":23,"column":53}},"line":23},"11":{"name":"(anonymous_11)","decl":{"start":{"line":25,"column":28},"end":{"line":25,"column":29}},"loc":{"start":{"line":25,"column":37},"end":{"line":25,"column":54}},"line":25}},"branchMap":{},"s":{"0":3,"1":0,"2":3,"3":0,"4":3,"5":0,"6":3,"7":0,"8":0,"9":0,"10":3,"11":0,"12":3,"13":0,"14":3,"15":2,"16":3,"17":2,"18":3,"19":0,"20":3,"21":0},"f":{"0":0,"1":0,"2":0,"3":0,"4":0,"5":0,"6":0,"7":0,"8":2,"9":2,"10":0,"11":0},"b":{},"_coverageSchema":"1a1c01bbd47fc00a2c39e90264f33305004495a9","hash":"d5529e5f36139dad597446a8538230a5db23759c"}
,"/home/santiagomadaw/advanced-react/src/store/types.js": {"path":"/home/santiagomadaw/advanced-react/src/store/types.js","statementMap":{"0":{"start":{"line":1,"column":34},"end":{"line":1,"column":54}},"1":{"start":{"line":2,"column":36},"end":{"line":2,"column":58}},"2":{"start":{"line":3,"column":35},"end":{"line":3,"column":56}},"3":{"start":{"line":5,"column":35},"end":{"line":5,"column":56}},"4":{"start":{"line":6,"column":37},"end":{"line":6,"column":60}},"5":{"start":{"line":7,"column":36},"end":{"line":7,"column":58}},"6":{"start":{"line":10,"column":34},"end":{"line":10,"column":54}},"7":{"start":{"line":11,"column":36},"end":{"line":11,"column":58}},"8":{"start":{"line":12,"column":35},"end":{"line":12,"column":56}},"9":{"start":{"line":14,"column":35},"end":{"line":14,"column":56}},"10":{"start":{"line":15,"column":37},"end":{"line":15,"column":60}},"11":{"start":{"line":16,"column":36},"end":{"line":16,"column":58}},"12":{"start":{"line":18,"column":33},"end":{"line":18,"column":52}},"13":{"start":{"line":19,"column":35},"end":{"line":19,"column":56}},"14":{"start":{"line":20,"column":34},"end":{"line":20,"column":54}},"15":{"start":{"line":22,"column":34},"end":{"line":22,"column":54}},"16":{"start":{"line":23,"column":36},"end":{"line":23,"column":58}},"17":{"start":{"line":24,"column":35},"end":{"line":24,"column":56}},"18":{"start":{"line":26,"column":36},"end":{"line":26,"column":59}},"19":{"start":{"line":27,"column":34},"end":{"line":27,"column":55}},"20":{"start":{"line":28,"column":37},"end":{"line":28,"column":61}},"21":{"start":{"line":29,"column":35},"end":{"line":29,"column":57}},"22":{"start":{"line":30,"column":29},"end":{"line":30,"column":44}},"23":{"start":{"line":32,"column":29},"end":{"line":32,"column":44}},"24":{"start":{"line":34,"column":35},"end":{"line":34,"column":56}},"25":{"start":{"line":35,"column":37},"end":{"line":35,"column":60}},"26":{"start":{"line":36,"column":36},"end":{"line":36,"column":58}},"27":{"start":{"line":38,"column":30},"end":{"line":38,"column":46}},"28":{"start":{"line":39,"column":28},"end":{"line":39,"column":42}}},"fnMap":{},"branchMap":{},"s":{"0":3,"1":3,"2":3,"3":3,"4":3,"5":3,"6":3,"7":3,"8":3,"9":3,"10":3,"11":3,"12":3,"13":3,"14":3,"15":3,"16":3,"17":3,"18":3,"19":3,"20":3,"21":3,"22":3,"23":3,"24":3,"25":3,"26":3,"27":3,"28":3},"f":{},"b":{},"_coverageSchema":"1a1c01bbd47fc00a2c39e90264f33305004495a9","hash":"5150d98a9c3f904281826b8f5feb48b439fee06b"}
}
