TN:
SF:src/components/shared/Button.jsx
FN:14,(anonymous_0)
FNF:1
FNH:1
FNDA:1,(anonymous_0)
DA:3,1
DA:14,1
LF:2
LH:2
BRDA:14,0,0,1
BRDA:14,0,1,0
BRF:2
BRH:1
end_of_record
TN:
SF:src/components/shared/ErrorMessage.jsx
FNF:0
FNH:0
DA:3,1
LF:1
LH:1
BRF:0
BRH:0
end_of_record
TN:
SF:src/components/shared/Form.jsx
FN:8,(anonymous_0)
FN:9,(anonymous_1)
FN:14,(anonymous_2)
FNF:3
FNH:3
FNDA:1,(anonymous_0)
FNDA:1,(anonymous_1)
FNDA:1,(anonymous_2)
DA:3,1
DA:8,1
DA:9,1
DA:15,1
LF:4
LH:4
BRDA:8,0,0,1
BRDA:8,0,1,1
BRDA:9,1,0,1
BRDA:9,1,1,0
BRDA:15,2,0,1
BRDA:15,2,1,0
BRF:6
BRH:4
end_of_record
TN:
SF:src/components/shared/FormField.jsx
FN:9,(anonymous_0)
FN:10,(anonymous_1)
FNF:2
FNH:2
FNDA:2,(anonymous_0)
FNDA:2,(anonymous_1)
DA:3,1
DA:9,2
DA:10,2
LF:3
LH:3
BRDA:9,0,0,2
BRDA:9,0,1,0
BRDA:10,1,0,2
BRDA:10,1,1,0
BRF:4
BRH:2
end_of_record
TN:
SF:src/components/shared/Loading.jsx
FN:3,Loading
FNF:1
FNH:0
FNDA:0,Loading
DA:4,0
DA:19,1
LF:2
LH:1
BRF:0
BRH:0
end_of_record
TN:
SF:src/components/shared/Switch.jsx
FN:81,(anonymous_0)
FN:84,(anonymous_1)
FNF:2
FNH:1
FNDA:1,(anonymous_0)
FNDA:0,(anonymous_1)
DA:4,1
DA:81,1
DA:82,1
DA:84,1
DA:85,0
DA:86,0
DA:89,1
DA:107,1
LF:8
LH:6
BRDA:81,0,0,1
BRDA:81,1,0,0
BRDA:81,2,0,0
BRF:3
BRH:1
end_of_record
TN:
SF:src/pages/login/LoginPage.jsx
FN:16,LoginPage
FN:18,(anonymous_1)
FN:27,(anonymous_2)
FN:30,(anonymous_3)
FN:35,(anonymous_4)
FN:38,(anonymous_5)
FN:44,(anonymous_6)
FNF:7
FNH:1
FNDA:1,LoginPage
FNDA:0,(anonymous_1)
FNDA:0,(anonymous_2)
FNDA:0,(anonymous_3)
FNDA:0,(anonymous_4)
FNDA:0,(anonymous_5)
FNDA:0,(anonymous_6)
DA:17,1
DA:18,1
DA:19,1
DA:20,1
DA:21,1
DA:27,1
DA:28,0
DA:29,0
DA:30,0
DA:35,1
DA:36,0
DA:37,0
DA:38,0
DA:44,1
DA:45,0
DA:46,0
DA:51,1
DA:52,1
DA:53,1
DA:102,1
LF:20
LH:12
BRDA:52,0,0,1
BRDA:52,0,1,0
BRDA:92,1,0,1
BRDA:92,1,1,0
BRDA:93,2,0,1
BRDA:93,2,1,0
BRDA:93,2,2,0
BRF:7
BRH:3
end_of_record
TN:
SF:src/store/actions.js
FN:36,(anonymous_0)
FN:36,(anonymous_1)
FN:50,(anonymous_2)
FN:53,(anonymous_3)
FN:56,(anonymous_4)
FN:65,(anonymous_5)
FN:68,(anonymous_6)
FN:71,(anonymous_7)
FN:76,(anonymous_8)
FN:76,(anonymous_9)
FN:90,(anonymous_10)
FN:90,(anonymous_11)
FN:107,(anonymous_12)
FN:111,(anonymous_13)
FN:116,(anonymous_14)
FN:123,(anonymous_15)
FN:123,(anonymous_16)
FN:136,(anonymous_17)
FN:140,(anonymous_18)
FN:145,(anonymous_19)
FN:152,(anonymous_20)
FN:152,(anonymous_21)
FN:165,(anonymous_22)
FN:181,(anonymous_23)
FN:185,(anonymous_24)
FN:190,(anonymous_25)
FN:198,(anonymous_26)
FN:198,(anonymous_27)
FN:206,(anonymous_28)
FN:211,(anonymous_29)
FN:227,(anonymous_30)
FN:231,(anonymous_31)
FN:236,(anonymous_32)
FN:245,(anonymous_33)
FN:249,(anonymous_34)
FN:253,(anonymous_35)
FN:257,(anonymous_36)
FN:264,(anonymous_37)
FN:269,(anonymous_38)
FN:269,(anonymous_39)
FN:277,(anonymous_40)
FN:283,(anonymous_41)
FN:283,(anonymous_42)
FN:302,(anonymous_43)
FN:305,(anonymous_44)
FN:309,(anonymous_45)
FN:317,(anonymous_46)
FN:320,(anonymous_47)
FNF:48
FNH:15
FNDA:1,(anonymous_0)
FNDA:2,(anonymous_1)
FNDA:5,(anonymous_2)
FNDA:3,(anonymous_3)
FNDA:2,(anonymous_4)
FNDA:4,(anonymous_5)
FNDA:3,(anonymous_6)
FNDA:2,(anonymous_7)
FNDA:1,(anonymous_8)
FNDA:2,(anonymous_9)
FNDA:0,(anonymous_10)
FNDA:0,(anonymous_11)
FNDA:0,(anonymous_12)
FNDA:1,(anonymous_13)
FNDA:0,(anonymous_14)
FNDA:0,(anonymous_15)
FNDA:0,(anonymous_16)
FNDA:0,(anonymous_17)
FNDA:0,(anonymous_18)
FNDA:1,(anonymous_19)
FNDA:0,(anonymous_20)
FNDA:0,(anonymous_21)
FNDA:0,(anonymous_22)
FNDA:0,(anonymous_23)
FNDA:0,(anonymous_24)
FNDA:0,(anonymous_25)
FNDA:0,(anonymous_26)
FNDA:0,(anonymous_27)
FNDA:0,(anonymous_28)
FNDA:0,(anonymous_29)
FNDA:0,(anonymous_30)
FNDA:0,(anonymous_31)
FNDA:0,(anonymous_32)
FNDA:0,(anonymous_33)
FNDA:0,(anonymous_34)
FNDA:0,(anonymous_35)
FNDA:0,(anonymous_36)
FNDA:0,(anonymous_37)
FNDA:0,(anonymous_38)
FNDA:0,(anonymous_39)
FNDA:1,(anonymous_40)
FNDA:0,(anonymous_41)
FNDA:0,(anonymous_42)
FNDA:0,(anonymous_43)
FNDA:1,(anonymous_44)
FNDA:1,(anonymous_45)
FNDA:0,(anonymous_46)
FNDA:0,(anonymous_47)
DA:36,3
DA:37,2
DA:38,2
DA:39,2
DA:40,1
DA:41,1
DA:42,1
DA:45,1
DA:50,5
DA:53,3
DA:56,3
DA:65,4
DA:68,3
DA:71,3
DA:76,3
DA:77,2
DA:78,2
DA:79,2
DA:80,1
DA:83,1
DA:90,3
DA:91,0
DA:92,0
DA:94,0
DA:95,0
DA:96,0
DA:97,0
DA:98,0
DA:100,0
DA:101,0
DA:105,0
DA:107,3
DA:111,3
DA:116,3
DA:123,3
DA:124,0
DA:125,0
DA:126,0
DA:127,0
DA:128,0
DA:129,0
DA:131,0
DA:136,3
DA:140,3
DA:145,3
DA:152,3
DA:154,0
DA:155,0
DA:157,0
DA:158,0
DA:159,0
DA:161,0
DA:162,0
DA:164,0
DA:165,0
DA:167,0
DA:168,0
DA:173,0
DA:174,0
DA:181,3
DA:185,3
DA:190,3
DA:198,3
DA:200,0
DA:202,0
DA:203,0
DA:204,0
DA:205,0
DA:206,0
DA:207,0
DA:208,0
DA:211,0
DA:212,0
DA:213,0
DA:218,0
DA:219,0
DA:227,3
DA:231,3
DA:236,3
DA:245,3
DA:249,3
DA:253,3
DA:257,3
DA:264,3
DA:269,3
DA:270,0
DA:271,0
DA:272,0
DA:273,0
DA:274,0
DA:277,3
DA:283,3
DA:284,0
DA:285,0
DA:287,0
DA:288,0
DA:289,0
DA:290,0
DA:294,0
DA:295,0
DA:302,3
DA:305,3
DA:309,3
DA:317,3
DA:320,3
LF:105
LH:49
BRDA:41,0,0,1
BRDA:41,0,1,0
BRDA:92,1,0,0
BRDA:92,1,1,0
BRDA:100,2,0,0
BRDA:100,2,1,0
BRDA:125,3,0,0
BRDA:125,3,1,0
BRDA:173,4,0,0
BRDA:173,4,1,0
BRDA:203,5,0,0
BRDA:203,5,1,0
BRDA:218,6,0,0
BRDA:218,6,1,0
BRDA:285,7,0,0
BRDA:285,7,1,0
BRDA:294,8,0,0
BRDA:294,8,1,0
BRF:18
BRH:1
end_of_record
TN:
SF:src/store/reducers.js
FN:43,auth
FN:55,ads
FN:64,(anonymous_2)
FN:76,filters
FN:101,slider
FN:111,tags
FN:125,ui
FNF:7
FNH:5
FNDA:3,auth
FNDA:1,ads
FNDA:0,(anonymous_2)
FNDA:1,filters
FNDA:0,slider
FNDA:1,tags
FNDA:1,ui
DA:19,1
DA:44,3
DA:46,1
DA:48,1
DA:50,1
DA:56,1
DA:58,0
DA:60,0
DA:62,0
DA:64,0
DA:66,1
DA:77,1
DA:80,0
DA:82,0
DA:84,0
DA:86,0
DA:88,0
DA:96,1
DA:102,0
DA:104,0
DA:106,0
DA:112,1
DA:114,1
DA:116,0
DA:126,1
DA:127,1
DA:129,0
DA:130,0
DA:132,0
DA:133,0
DA:135,0
DA:136,0
DA:138,0
LF:33
LH:13
BRDA:43,0,0,0
BRDA:44,1,0,1
BRDA:44,1,1,1
BRDA:44,1,2,1
BRDA:55,2,0,0
BRDA:56,3,0,0
BRDA:56,3,1,0
BRDA:56,3,2,0
BRDA:56,3,3,0
BRDA:56,3,4,1
BRDA:76,4,0,0
BRDA:77,5,0,0
BRDA:77,5,1,0
BRDA:77,5,2,0
BRDA:77,5,3,0
BRDA:77,5,4,0
BRDA:77,5,5,1
BRDA:101,6,0,0
BRDA:102,7,0,0
BRDA:102,7,1,0
BRDA:111,8,0,0
BRDA:112,9,0,1
BRDA:112,9,1,0
BRDA:125,10,0,0
BRDA:126,11,0,1
BRDA:126,11,1,0
BRDA:129,12,0,0
BRDA:129,12,1,0
BRDA:132,13,0,0
BRDA:132,13,1,0
BRDA:135,14,0,0
BRDA:135,14,1,0
BRF:32
BRH:7
end_of_record
TN:
SF:src/store/selectors.js
FN:1,(anonymous_0)
FN:4,(anonymous_1)
FN:6,(anonymous_2)
FN:8,(anonymous_3)
FN:8,(anonymous_4)
FN:8,(anonymous_5)
FN:12,(anonymous_6)
FN:14,(anonymous_7)
FN:18,(anonymous_8)
FN:20,(anonymous_9)
FN:23,(anonymous_10)
FN:25,(anonymous_11)
FNF:12
FNH:2
FNDA:0,(anonymous_0)
FNDA:0,(anonymous_1)
FNDA:0,(anonymous_2)
FNDA:0,(anonymous_3)
FNDA:0,(anonymous_4)
FNDA:0,(anonymous_5)
FNDA:0,(anonymous_6)
FNDA:0,(anonymous_7)
FNDA:2,(anonymous_8)
FNDA:2,(anonymous_9)
FNDA:0,(anonymous_10)
FNDA:0,(anonymous_11)
DA:1,3
DA:4,3
DA:6,3
DA:8,3
DA:12,3
DA:14,3
DA:18,3
DA:20,3
DA:23,3
DA:25,3
LF:10
LH:10
BRF:0
BRH:0
end_of_record
TN:
SF:src/store/types.js
FNF:0
FNH:0
DA:1,3
DA:2,3
DA:3,3
DA:5,3
DA:6,3
DA:7,3
DA:10,3
DA:11,3
DA:12,3
DA:14,3
DA:15,3
DA:16,3
DA:18,3
DA:19,3
DA:20,3
DA:22,3
DA:23,3
DA:24,3
DA:26,3
DA:27,3
DA:28,3
DA:29,3
DA:30,3
DA:32,3
DA:34,3
DA:35,3
DA:36,3
DA:38,3
DA:39,3
LF:29
LH:29
BRF:0
BRH:0
end_of_record
